Setting up this machine as follows: 
  Processor:    IA32 at 3438 MHz (BUS clock = 125 MHz)
  Memory:       262144 Kbytes [0x00000000:0x10000000]
  User memory:  261752 Kbytes [0x00000000:0x0ff9e000]
  PCI aperture: 44996 Kbytes [0xfc000000:0xfebf1000]
  Node Id:      will get from the network!
  Setup:        21952 bytes
  APP code:     42240 bytes	data: 736 bytes
[2J[000;000HThe Philosopher's Dinner:
Philosophers are alive and hungry!
[007;044H/[013;044H\[016;035H|[013;027H/[007;027H\[019;000HThe dinner is served ...
[016;039Hthinking[3][010;044Hthinking[2][010;017Hthinking[0][005;030Hthinking[1][016;021Hthinking[3][010;044H  hungry[2][010;044H eating[2] [010;017H  hungry[0][010;017H eating[0] [005;030H  hungry[1][010;017H    sate[0][024;000HPhilosopher 4 total running time: 1323755                    [010;017Hthinking[0][010;044H    sate[2][021;000HPhilosopher 1 total running time: 1399188                    [010;044Hthinking[2][005;030H eating[1] [005;030H    sate[1][020;000HPhilosopher 0 total running time: 1598151                    [005;030Hthinking[1][016;039H  hungry[3][016;039H eating[3] [016;021H  hungry[3][010;017H  hungry[0][010;017H eating[0] [010;044H  hungry[2][016;039H    sate[1][022;000HPhilosopher 2 total running time: 1684985                    [016;039Hthinking[1][010;017H    sate[0][024;000HPhilosopher 4 total running time: 2974000                    [010;017Hthinking[0][016;021H eating[1] [016;021H    sate[1][023;000HPhilosopher 3 total running time: 1729375                    [016;021Hthinking[1][010;017H  hungry[0][010;017H eating[0] [010;017H    sate[0][024;000HPhilosopher 4 total running time: 3994332                    [010;017Hthinking[0][016;039H  hungry[1][016;021H  hungry[1][016;021H eating[1] [010;017H  hungry[0][016;021H    sate[1][023;000HPhilosopher 3 total running time: 2672836                    [016;021Hthinking[1][010;017H eating[3] [010;017H    sate[3][024;000HPhilosopher 4 total running time: 5250954                    [010;017Hthinking[3][016;021H  hungry[2][016;021H eating[2] [005;030H  hungry[1][010;044H eating[1] [016;021H    sate[2][023;000HPhilosopher 3 total running time: 3921124                    [016;021Hthinking[2][010;044H    sate[1][021;000HPhilosopher 1 total running time: 3267773                    [010;044Hthinking[1][016;039H eating[2] [005;030H eating[0] [010;017H  hungry[3][016;039H    sate[2][022;000HPhilosopher 2 total running time: 2841187                    [016;039Hthinking[2][005;030H    sate[0][020;000HPhilosopher 0 total running time: 3415947                    [005;030Hthinking[0][005;030H  hungry[0][016;039H  hungry[2][016;039H eating[2] [010;044H  hungry[1][016;021H  hungry[0][016;039H    sate[2][022;000HPhilosopher 2 total running time: 3715699                    [010;044H eating[3] [010;017H eating[2] [016;039Hthinking[2][010;017H    sate[2][010;044H    sate[3][016;021H eating[0] [005;030H eating[1] [024;000HPhilosopher 4 total running time: 6671412                    [021;000HPhilosopher 1 total running time: 4718512                    [010;017Hthinking[2][010;044Hthinking[3][016;021H    sate[0][023;000HPhilosopher 3 total running time: 4968958                    [016;021Hthinking[0][005;030H    sate[1][020;000HPhilosopher 0 total running time: 4437736                    [005;030Hthinking[1][016;039H  hungry[2][016;039H eating[2] [010;044H  hungry[3][005;030H  hungry[1][016;039H    sate[2][022;000HPhilosopher 2 total running time: 4818149                    [016;039Hthinking[2][010;044H eating[1] [010;017H  hungry[3][016;021H  hungry[0][016;021H eating[0] [010;044H    sate[1][021;000HPhilosopher 1 total running time: 6227947                    [010;044Hthinking[1][005;030H eating[3] [016;021H    sate[0][023;000HPhilosopher 3 total running time: 6662821                    [016;021Hthinking[0][016;039H  hungry[2][016;039H eating[2] [005;030H    sate[3][020;000HPhilosopher 0 total running time: 5946587                    [005;030Hthinking[3][016;039H    sate[2][022;000HPhilosopher 2 total running time: 5784119                    [016;039Hthinking[2][010;017H eating[3] [010;044H  hungry[1][010;044H eating[1] [016;021H  hungry[0][010;017H    sate[3][024;000HPhilosopher 4 total running time: 8147466                    [010;017Hthinking[3][010;044H    sate[1][021;000HPhilosopher 1 total running time: 7433385                    [010;044Hthinking[1][016;021H eating[1] [010;017H  hungry[3][016;039H  hungry[2][016;021H    sate[1][023;000HPhilosopher 3 total running time: 7876419                    [016;021Hthinking[1][005;030H  hungry[3][010;017H eating[3] [010;044H  hungry[0][016;039H eating[0] [010;017H    sate[3][024;000HPhilosopher 4 total running time: 8983142                    [010;017Hthinking[3][016;021H  hungry[1][016;039H    sate[0][022;000HPhilosopher 2 total running time: 6925024                    [016;039Hthinking[0][016;021H eating[1] [016;039H  hungry[0][010;044H eating[0] [010;017H  hungry[2][016;021H    sate[1][023;000HPhilosopher 3 total running time: 8986802                    [016;021Hthinking[1][010;044H    sate[0][021;000HPhilosopher 1 total running time: 8607057                    [010;044Hthinking[0][005;030H eating[2] [005;030H    sate[2][020;000HPhilosopher 0 total running time: 6892202                    [005;030Hthinking[2][010;044H  hungry[0][016;039H eating[0] [016;039H    sate[0][022;000HPhilosopher 2 total running time: 7471096                    [016;039Hthinking[0][010;044H eating[3] [010;017H eating[2] [016;021H  hungry[1][010;017H    sate[2][024;000HPhilosopher 4 total running time: 10051318                    [010;017Hthinking[2][010;044H    sate[3][021;000HPhilosopher 1 total running time: 9738035                    [010;044Hthinking[3][016;039H  hungry[0][016;021H eating[0] [016;021H    sate[0][023;000HPhilosopher 3 total running time: 10240306                    [016;021Hthinking[0][005;030H  hungry[2][005;030H eating[2] [010;017H  hungry[1][016;039H eating[1] [005;030H    sate[2][020;000HPhilosopher 0 total running time: 8028286                    [005;030Hthinking[2][010;044H  hungry[3][016;039H    sate[1][022;000HPhilosopher 2 total running time: 8681518                    [016;039Hthinking[1][016;021H  hungry[0][016;021H eating[0] [016;021H    sate[0][023;000HPhilosopher 3 total running time: 11224367                    [016;021Hthinking[0][005;030H  hungry[2][010;017H eating[1] [016;021H  hungry[0][010;017H    sate[1][024;000HPhilosopher 4 total running time: 10929977                    [010;017Hthinking[1][010;017H  hungry[1][016;039H  hungry[1][010;044H eating[1] [010;044H    sate[1][021;000HPhilosopher 1 total running time: 10884463                    [010;044Hthinking[1][005;030H eating[3] [005;030H    sate[3][020;000HPhilosopher 0 total running time: 8817187                    [005;030Hthinking[3][010;044H  hungry[1][016;021H eating[1] [005;030H  hungry[3][016;021H    sate[1][010;017H eating[1] [016;039H eating[3] [010;017H    sate[1][024;000HPhilosopher 4 total running time: 11278948                    [010;017H  done[1]  [023;000HPhilosopher 3 total running time: 11892420                    [016;021H  done[1]  [016;039H    sate[3][022;000HPhilosopher 2 total running time: 9600695                    [016;039Hthinking[3][010;044H eating[1] [010;044H    sate[1][021;000HPhilosopher 1 total running time: 11457429                    [010;044Hthinking[1][016;039H  hungry[3][016;039H eating[3] [010;044H  hungry[1][016;039H    sate[3][022;000HPhilosopher 2 total running time: 10179856                    [016;039H  done[3]  [010;044H eating[2] [010;044H    sate[2][021;000HPhilosopher 1 total running time: 12016750                    [010;044H  done[2]  [005;030H eating[3] [005;030H    sate[3][020;000HPhilosopher 0 total running time: 9342271                    [005;030Hthinking[3][005;030H  hungry[3][005;030H eating[3] [005;030H    sate[3][020;000HPhilosopher 0 total running time: 9632557                    [005;030Hthinking[3][005;030H  hungry[3][005;030H eating[3] [005;030H    sate[3][020;000HPhilosopher 0 total running time: 9995422                    [005;030H  done[3]  [020;000HPhilosopher 0 ate 10 times 
[021;000HPhilosopher 1 ate 10 times 
[022;000HPhilosopher 2 ate 10 times 
[023;000HPhilosopher 3 ate 10 times 
[024;000HPhilosopher 4 ate 10 times 

Philosopher	C_0		C_1		C_2		C_3
[028;000H0
[028;015H1031841
[028;031H4509094
[028;047H2058901
[028;065H2431244
[029;000H1
[029;015H1518731
[029;031H4621060
[029;047H2861575
[029;065H3046706
[030;000H2
[030;015H1533257
[030;031H2143778
[030;047H4430825
[030;065H2132053
[031;000H3
[031;015H5175866
[031;031H4156438
[031;047H1124867
[031;065H1436148
[032;000H4
[032;015H4741578
[032;031H991058
[032;047H2381451
[032;065H3224379
[034;000HPhilosopher 0 total running time: 10031080                    [035;000HPhilosopher 1 total running time: 12048072                    [036;000HPhilosopher 2 total running time: 10239913                    [037;000HPhilosopher 3 total running time: 11893319                    [038;000HPhilosopher 4 total running time: 11338466                    The end!
<0>: The last thread has exited! :<0>
<0>: Rebooting the machine ... :<0>
